<?xml version="1.0" encoding="UTF-8"?>
<testsuite name="kr.kh.backend.BackendApplicationTests" tests="1" skipped="0" failures="0" errors="0" timestamp="2024-09-29T03:16:52" hostname="Kims-2.local" time="0.469">
  <properties/>
  <testcase name="contextLoads()" classname="kr.kh.backend.BackendApplicationTests" time="0.469"/>
  <system-out><![CDATA[12:16:50.878 [Test worker] INFO org.springframework.test.context.support.AnnotationConfigContextLoaderUtils -- Could not detect default configuration classes for test class [kr.kh.backend.BackendApplicationTests]: BackendApplicationTests does not declare any static, non-private, non-final, nested classes annotated with @Configuration.
12:16:50.929 [Test worker] INFO org.springframework.boot.test.context.SpringBootTestContextBootstrapper -- Found @SpringBootConfiguration kr.kh.backend.BackendApplication for test class kr.kh.backend.BackendApplicationTests

  .   ____          _            __ _ _
 /\\ / ___'_ __ _ _(_)_ __  __ _ \ \ \ \
( ( )\___ | '_ | '_| | '_ \/ _` | \ \ \ \
 \\/  ___)| |_)| | | | | || (_| |  ) ) ) )
  '  |____| .__|_| |_|_| |_\__, | / / / /
 =========|_|==============|___/=/_/_/_/

 :: Spring Boot ::                (v3.3.3)

2024-09-29T12:16:51.135+09:00  INFO 73416 --- [backend] [    Test worker] kr.kh.backend.BackendApplicationTests    : Starting BackendApplicationTests using Java 17.0.10 with PID 73416 (started by sj in /Users/sj/Desktop/NaverCloutPlatform-CBT/backend)
2024-09-29T12:16:51.136+09:00  INFO 73416 --- [backend] [    Test worker] kr.kh.backend.BackendApplicationTests    : No active profile set, falling back to 1 default profile: "default"
2024-09-29T12:16:51.459+09:00  INFO 73416 --- [backend] [    Test worker] .s.d.r.c.RepositoryConfigurationDelegate : Bootstrapping Spring Data JDBC repositories in DEFAULT mode.
2024-09-29T12:16:51.467+09:00  INFO 73416 --- [backend] [    Test worker] .s.d.r.c.RepositoryConfigurationDelegate : Finished Spring Data repository scanning in 3 ms. Found 0 JDBC repository interfaces.
2024-09-29T12:16:51.738+09:00  WARN 73416 --- [backend] [    Test worker] .s.s.UserDetailsServiceAutoConfiguration : 

Using generated security password: de5d0158-625a-4a3f-9cb5-b4b003bb12ce

This generated password is for development use only. Your security configuration must be updated before running your application in production.

2024-09-29T12:16:51.752+09:00  INFO 73416 --- [backend] [    Test worker] r$InitializeUserDetailsManagerConfigurer : Global AuthenticationManager configured with UserDetailsService bean with name inMemoryUserDetailsManager
2024-09-29T12:16:52.042+09:00  INFO 73416 --- [backend] [    Test worker] com.zaxxer.hikari.HikariDataSource       : HikariPool-1 - Starting...
2024-09-29T12:16:52.245+09:00  INFO 73416 --- [backend] [    Test worker] com.zaxxer.hikari.pool.HikariPool        : HikariPool-1 - Added connection com.mysql.cj.jdbc.ConnectionImpl@5fbae40
2024-09-29T12:16:52.246+09:00  INFO 73416 --- [backend] [    Test worker] com.zaxxer.hikari.HikariDataSource       : HikariPool-1 - Start completed.
2024-09-29T12:16:52.342+09:00  INFO 73416 --- [backend] [    Test worker] kr.kh.backend.BackendApplicationTests    : Started BackendApplicationTests in 1.347 seconds (process running for 1.892)
]]></system-out>
  <system-err><![CDATA[]]></system-err>
</testsuite>
